*** Using Compiler 'V5.06 update 7 (build 960)', folder: 'C:\Keil_v5\ARM\ARMCC\Bin'
Build target 'Release'
compiling stm32f1xx_hal.c...
compiling stm32f1xx_hal_rcc_ex.c...
compiling stm32f1xx_hal_gpio.c...
compiling stm32f1xx_hal_rcc.c...
compiling stm32f1xx_hal_cortex.c...
compiling stm32f1xx_hal_dma.c...
compiling stm32f1xx_ll_usb.c...
compiling stm32f1xx_hal_pcd.c...
compiling stm32f1xx_hal_pcd_ex.c...
compiling main.cpp...
compiling Log.cpp...
compiling stm32f1xx_hal_uart.c...
compiling Colors.cpp...
compiling stm32f1xx_hal_spi.c...
compiling Zones.cpp...
compiling Device.cpp...
compiling Font.cpp...
compiling Display.cpp...
compiling stm32f1xx_hal_i2c.c...
assembling startup_stm32f103xb.s...
compiling Timer.cpp...
compiling Keyboard.cpp...
compiling InterCom.cpp...
compiling system_stm32f1xx.c...
compiling CDC.cpp...
compiling usbd_desc.c...
compiling usbd_conf.c...
compiling usbd_core.c...
compiling usbd_ioreq.c...
compiling usbd_cdc.c...
compiling usbd_ctlreq.c...
compiling HAL.cpp...
compiling Menu.cpp...
compiling MenuItems.cpp...
compiling PageDisplay.cpp...
compiling HAL_I2C.cpp...
compiling HAL_IT.cpp...
compiling PageHC12.cpp...
compiling Pages.cpp...
compiling bme280_driver.c...
compiling HC12.cpp...
compiling CG-Anem.cpp...
compiling BME280.cpp...
compiling Math.cpp...
compiling BH1750.cpp...
compiling String.cpp...
compiling ST7735.cpp...
compiling Settings.cpp...
compiling Text.cpp...
linking...
Program Size: Code=31604 RO-data=3828 RW-data=492 ZI-data=19884  
".\Objects\Device.axf" - 0 Error(s), 0 Warning(s).
Build Time Elapsed:  00:00:07
